<?xml version="1.0" encoding="UTF-8"?>
<testng-results ignored="0" total="1" passed="1" failed="0" skipped="0">
  <reporter-output>
  </reporter-output>
  <suite started-at="2021-05-24T12:50:13 IST" name="Default suite" finished-at="2021-05-24T12:51:23 IST" duration-ms="70585">
    <groups>
    </groups>
    <test started-at="2021-05-24T12:50:13 IST" name="Default test" finished-at="2021-05-24T12:51:23 IST" duration-ms="70585">
      <class name="com.petcoAutomationTest.BaseTests">
        <test-method signature="petcoTest()[pri:0, instance:com.petcoAutomationTest.BaseTests@3a6bb9bf]" started-at="2021-05-24T12:50:13 IST" name="petcoTest" finished-at="2021-05-24T12:51:23 IST" duration-ms="70517" status="PASS">
          <reporter-output>
          </reporter-output>
        </test-method> <!-- petcoTest -->
      </class> <!-- com.petcoAutomationTest.BaseTests -->
    </test> <!-- Default test -->
  </suite> <!-- Default suite -->
</testng-results>
